<?xml version="1.0" encoding="UTF-8"?>
<testsuites name="Smoke Test" time="14.947" tests="2" failures="0" errors="0">
   <testsuite name="Smoke Test" tests="2" failures="0" errors="0" time="14.947" skipped="0" timestamp="05-07-2024T10:48:57" hostname="dimas - LAPTOP-SOI4KP9M" id="Test Suites/Smoke Test">
      <properties>
         <property name="deviceName" value=""/>
         <property name="devicePlatform"/>
         <property name="logFolder" value="C:\\Users\\dimas\\git\\Automation-Katalon\\Reports\\20240705_104854\\Smoke Test\\20240705_104855"/>
         <property name="logFiles" value="C:\\Users\\dimas\\git\\Automation-Katalon\\Reports\\20240705_104854\\Smoke Test\\20240705_104855\\execution0.log"/>
         <property name="attachments" value=""/>
         <property name="hostName" value="dimas - LAPTOP-SOI4KP9M"/>
         <property name="os" value="Windows 11 64bit"/>
         <property name="katalonVersion" value="9.6.0.217"/>
         <property name="browser" value="Chrome 126.0.0.0"/>
         <property name="hostAddress" value="10.5.50.252"/>
         <property name="sessionId" value="3d2dcb0a4bb1a11cd721be6a90fb54de"/>
         <property name="seleniumVersion" value="3.141.59"/>
         <property name="proxyInformation" value="ProxyInformation { proxyOption=NO_PROXY, proxyServerType=HTTP, username=, password=********, proxyServerAddress=, proxyServerPort=0, executionList=&quot;&quot;, isApplyToDesiredCapabilities=true }"/>
         <property name="platform" value="Windows 11"/>
      </properties>
      <testcase name="Test Cases/Test Login/TC-01 Login" time="7.981" classname="Test Cases/Test Login/TC-01 Login" status="PASSED">
         <system-out><![CDATA[05-07-2024T10:48:57 - [TEST_CASE][PASSED] - Test Cases/Test Login/TC-01 Login: Test Cases/Test Login/TC-01 Login

05-07-2024T10:48:58 - [TEST_STEP][PASSED] - openBrowser(""): Browser is opened with url: ''

05-07-2024T10:48:58 - [MESSAGE][INFO] - Starting 'Chrome' driver

05-07-2024T10:48:58 - [MESSAGE][INFO] - Action delay is set to 0 milliseconds

05-07-2024T10:48:59 - [MESSAGE][PASSED] - Browser is opened with url: ''

05-07-2024T10:48:59 - [TEST_STEP][PASSED] - navigateToUrl("https://katalon-demo-cura.herokuapp.com/"): Navigate to 'https://katalon-demo-cura.herokuapp.com/' successfully

05-07-2024T10:49:02 - [MESSAGE][PASSED] - Navigate to 'https://katalon-demo-cura.herokuapp.com/' successfully

05-07-2024T10:49:02 - [TEST_STEP][PASSED] - click(findTestObject("Object Repository/Login Test/Page_CURA Healthcare Service/a_CURA Healthcare_menu-toggle")): Object: 'Object Repository/Login Test/Page_CURA Healthcare Service/a_CURA Healthcare_menu-toggle' is clicked on

05-07-2024T10:49:02 - [MESSAGE][PASSED] - Object: 'Object Repository/Login Test/Page_CURA Healthcare Service/a_CURA Healthcare_menu-toggle' is clicked on

05-07-2024T10:49:02 - [TEST_STEP][PASSED] - click(findTestObject("Object Repository/Login Test/Page_CURA Healthcare Service/a_Login")): Object: 'Object Repository/Login Test/Page_CURA Healthcare Service/a_Login' is clicked on

05-07-2024T10:49:03 - [MESSAGE][PASSED] - Object: 'Object Repository/Login Test/Page_CURA Healthcare Service/a_Login' is clicked on

05-07-2024T10:49:03 - [TEST_STEP][PASSED] - setText(findTestObject("Object Repository/Login Test/Page_CURA Healthcare Service/input_Username_username"), "John Doe"): Text 'John Doe' is set on object 'Object Repository/Login Test/Page_CURA Healthcare Service/input_Username_username'

05-07-2024T10:49:03 - [MESSAGE][PASSED] - Text 'John Doe' is set on object 'Object Repository/Login Test/Page_CURA Healthcare Service/input_Username_username'

05-07-2024T10:49:03 - [TEST_STEP][PASSED] - setEncryptedText(findTestObject("Object Repository/Login Test/Page_CURA Healthcare Service/input_Password_password"), "g3/DOGG74jC3Flrr3yH+3D/yKbOqqUNM"): Text ****** has been set on object 'Object Repository/Login Test/Page_CURA Healthcare Service/input_Password_password'

05-07-2024T10:49:04 - [MESSAGE][PASSED] - Text ****** has been set on object 'Object Repository/Login Test/Page_CURA Healthcare Service/input_Password_password'

05-07-2024T10:49:04 - [TEST_STEP][PASSED] - click(findTestObject("Object Repository/Login Test/Page_CURA Healthcare Service/button_Login")): Object: 'Object Repository/Login Test/Page_CURA Healthcare Service/button_Login' is clicked on

05-07-2024T10:49:05 - [MESSAGE][PASSED] - Object: 'Object Repository/Login Test/Page_CURA Healthcare Service/button_Login' is clicked on

05-07-2024T10:49:05 - [TEST_STEP][PASSED] - click(findTestObject("Object Repository/Login Test/Page_CURA Healthcare Service/h2_Make Appointment")): Object: 'Object Repository/Login Test/Page_CURA Healthcare Service/h2_Make Appointment' is clicked on

05-07-2024T10:49:05 - [MESSAGE][PASSED] - Object: 'Object Repository/Login Test/Page_CURA Healthcare Service/h2_Make Appointment' is clicked on

05-07-2024T10:49:05 - [TEST_STEP][PASSED] - closeBrowser(): Browser is closed

05-07-2024T10:49:05 - [MESSAGE][PASSED] - Browser is closed]]></system-out>
         <system-err><![CDATA[]]></system-err>
      </testcase>
      <testcase name="Test Cases/Test Login/TC-01-1 Login False" time="6.857" classname="Test Cases/Test Login/TC-01-1 Login False" status="PASSED">
         <system-out><![CDATA[05-07-2024T10:49:05 - [TEST_CASE][PASSED] - Test Cases/Test Login/TC-01-1 Login False: Test Cases/Test Login/TC-01-1 Login False

05-07-2024T10:49:05 - [TEST_STEP][PASSED] - openBrowser(""): Browser is opened with url: ''

05-07-2024T10:49:05 - [MESSAGE][INFO] - Starting 'Chrome' driver

05-07-2024T10:49:05 - [MESSAGE][INFO] - Action delay is set to 0 milliseconds

05-07-2024T10:49:06 - [MESSAGE][PASSED] - Browser is opened with url: ''

05-07-2024T10:49:06 - [TEST_STEP][PASSED] - navigateToUrl("https://katalon-demo-cura.herokuapp.com/"): Navigate to 'https://katalon-demo-cura.herokuapp.com/' successfully

05-07-2024T10:49:09 - [MESSAGE][PASSED] - Navigate to 'https://katalon-demo-cura.herokuapp.com/' successfully

05-07-2024T10:49:09 - [TEST_STEP][PASSED] - click(findTestObject("Object Repository/Login Test Failure/Page_CURA Healthcare Service/a_CURA Healthcare_menu-toggle")): Object: 'Object Repository/Login Test Failure/Page_CURA Healthcare Service/a_CURA Healthcare_menu-toggle' is clicked on

05-07-2024T10:49:09 - [MESSAGE][PASSED] - Object: 'Object Repository/Login Test Failure/Page_CURA Healthcare Service/a_CURA Healthcare_menu-toggle' is clicked on

05-07-2024T10:49:09 - [TEST_STEP][PASSED] - click(findTestObject("Object Repository/Login Test Failure/Page_CURA Healthcare Service/a_Login")): Object: 'Object Repository/Login Test Failure/Page_CURA Healthcare Service/a_Login' is clicked on

05-07-2024T10:49:10 - [MESSAGE][PASSED] - Object: 'Object Repository/Login Test Failure/Page_CURA Healthcare Service/a_Login' is clicked on

05-07-2024T10:49:10 - [TEST_STEP][PASSED] - setText(findTestObject("Object Repository/Login Test Failure/Page_CURA Healthcare Service/input_Username_username"), "Dimas"): Text 'Dimas' is set on object 'Object Repository/Login Test Failure/Page_CURA Healthcare Service/input_Username_username'

05-07-2024T10:49:10 - [MESSAGE][PASSED] - Text 'Dimas' is set on object 'Object Repository/Login Test Failure/Page_CURA Healthcare Service/input_Username_username'

05-07-2024T10:49:10 - [TEST_STEP][PASSED] - setEncryptedText(findTestObject("Object Repository/Login Test Failure/Page_CURA Healthcare Service/input_Password_password"), "FEcI7lFx0YVbE0tCHKtPmQ=="): Text ****** has been set on object 'Object Repository/Login Test Failure/Page_CURA Healthcare Service/input_Password_password'

05-07-2024T10:49:11 - [MESSAGE][PASSED] - Text ****** has been set on object 'Object Repository/Login Test Failure/Page_CURA Healthcare Service/input_Password_password'

05-07-2024T10:49:11 - [TEST_STEP][PASSED] - click(findTestObject("Object Repository/Login Test Failure/Page_CURA Healthcare Service/button_Login")): Object: 'Object Repository/Login Test Failure/Page_CURA Healthcare Service/button_Login' is clicked on

05-07-2024T10:49:12 - [MESSAGE][PASSED] - Object: 'Object Repository/Login Test Failure/Page_CURA Healthcare Service/button_Login' is clicked on

05-07-2024T10:49:12 - [TEST_STEP][PASSED] - click(findTestObject("Object Repository/Login Test Failure/Page_CURA Healthcare Service/p_Login failed Please ensure the username a_eb55b5")): Object: 'Object Repository/Login Test Failure/Page_CURA Healthcare Service/p_Login failed Please ensure the username a_eb55b5' is clicked on

05-07-2024T10:49:12 - [MESSAGE][PASSED] - Object: 'Object Repository/Login Test Failure/Page_CURA Healthcare Service/p_Login failed Please ensure the username a_eb55b5' is clicked on

05-07-2024T10:49:12 - [TEST_STEP][PASSED] - closeBrowser(): Browser is closed

05-07-2024T10:49:12 - [MESSAGE][PASSED] - Browser is closed]]></system-out>
         <system-err><![CDATA[]]></system-err>
      </testcase>
      <system-out><![CDATA[05-07-2024T10:48:57 - [TEST_SUITE][PASSED] - Smoke Test: Test Cases/Test Login/TC-01-1 Login False]]></system-out>
      <system-err><![CDATA[]]></system-err>
   </testsuite>
</testsuites>
